# JRE version: Java(TM) SE Runtime Environment (8.0_51-b16) (build 1.8.0_51-b16)
# Java VM: Java HotSpot(TM) 64-Bit Server VM (25.51-b03 mixed mode linux-amd64 compressed oops)
Heap:
 PSYoungGen      total 269312K, used 185984K [0x000000076d100000, 0x0000000780c00000, 0x00000007c0000000)
  eden space 254464K, 73% used [0x000000076d100000,0x00000007786a0130,0x000000077c980000)
  from space 14848K, 0% used [0x000000077c980000,0x000000077c980000,0x000000077d800000)
  to   space 17408K, 0% used [0x000000077fb00000,0x000000077fb00000,0x0000000780c00000)
 ParOldGen       total 180224K, used 23687K [0x00000006c7200000, 0x00000006d2200000, 0x000000076d100000)
  object space 180224K, 13% used [0x00000006c7200000,0x00000006c8921ee8,0x00000006d2200000)
 Metaspace       used 40699K, capacity 42500K, committed 42752K, reserved 1087488K
  class space    used 4418K, capacity 5014K, committed 5120K, reserved 1048576K
GC Heap History (10 events):
Event: 5,778 GC heap before
{Heap before GC invocations=5 (full 0):
 PSYoungGen      total 139264K, used 105996K [0x000000076d100000, 0x0000000776300000, 0x00000007c0000000)
  eden space 129024K, 74% used [0x000000076d100000,0x0000000772e95a20,0x0000000774f00000)
  from space 10240K, 99% used [0x0000000775900000,0x00000007762ed7f8,0x0000000776300000)
  to   space 10240K, 0% used [0x0000000774f00000,0x0000000774f00000,0x0000000775900000)
 ParOldGen       total 171008K, used 48K [0x00000006c7200000, 0x00000006d1900000, 0x000000076d100000)
  object space 171008K, 0% used [0x00000006c7200000,0x00000006c720c000,0x00000006d1900000)
 Metaspace       used 20598K, capacity 21166K, committed 21296K, reserved 1069056K
  class space    used 2445K, capacity 2635K, committed 2688K, reserved 1048576K
Event: 5,806 GC heap after
Heap after GC invocations=5 (full 0):
 PSYoungGen      total 139264K, used 10208K [0x000000076d100000, 0x000000077e800000, 0x00000007c0000000)
  eden space 129024K, 0% used [0x000000076d100000,0x000000076d100000,0x0000000774f00000)
  from space 10240K, 99% used [0x0000000774f00000,0x00000007758f8040,0x0000000775900000)
  to   space 13824K, 0% used [0x000000077da80000,0x000000077da80000,0x000000077e800000)
 ParOldGen       total 171008K, used 1924K [0x00000006c7200000, 0x00000006d1900000, 0x000000076d100000)
  object space 171008K, 1% used [0x00000006c7200000,0x00000006c73e12c0,0x00000006d1900000)
 Metaspace       used 20598K, capacity 21166K, committed 21296K, reserved 1069056K
  class space    used 2445K, capacity 2635K, committed 2688K, reserved 1048576K
}
Event: 5,806 GC heap before
{Heap before GC invocations=6 (full 1):
 PSYoungGen      total 139264K, used 10208K [0x000000076d100000, 0x000000077e800000, 0x00000007c0000000)
  eden space 129024K, 0% used [0x000000076d100000,0x000000076d100000,0x0000000774f00000)
  from space 10240K, 99% used [0x0000000774f00000,0x00000007758f8040,0x0000000775900000)
  to   space 13824K, 0% used [0x000000077da80000,0x000000077da80000,0x000000077e800000)
 ParOldGen       total 171008K, used 1924K [0x00000006c7200000, 0x00000006d1900000, 0x000000076d100000)
  object space 171008K, 1% used [0x00000006c7200000,0x00000006c73e12c0,0x00000006d1900000)
 Metaspace       used 20598K, capacity 21166K, committed 21296K, reserved 1069056K
  class space    used 2445K, capacity 2635K, committed 2688K, reserved 1048576K
Event: 5,913 GC heap after
Heap after GC invocations=6 (full 1):
 PSYoungGen      total 139264K, used 0K [0x000000076d100000, 0x000000077e800000, 0x00000007c0000000)
  eden space 129024K, 0% used [0x000000076d100000,0x000000076d100000,0x0000000774f00000)
  from space 10240K, 0% used [0x0000000774f00000,0x0000000774f00000,0x0000000775900000)
  to   space 13824K, 0% used [0x000000077da80000,0x000000077da80000,0x000000077e800000)
 ParOldGen       total 111104K, used 11991K [0x00000006c7200000, 0x00000006cde80000, 0x000000076d100000)
  object space 111104K, 10% used [0x00000006c7200000,0x00000006c7db5de0,0x00000006cde80000)
 Metaspace       used 20598K, capacity 21166K, committed 21296K, reserved 1069056K
  class space    used 2445K, capacity 2635K, committed 2688K, reserved 1048576K
}
Event: 8,493 GC heap before
{Heap before GC invocations=7 (full 1):
 PSYoungGen      total 139264K, used 129024K [0x000000076d100000, 0x000000077e800000, 0x00000007c0000000)
  eden space 129024K, 100% used [0x000000076d100000,0x0000000774f00000,0x0000000774f00000)
  from space 10240K, 0% used [0x0000000774f00000,0x0000000774f00000,0x0000000775900000)
  to   space 13824K, 0% used [0x000000077da80000,0x000000077da80000,0x000000077e800000)
 ParOldGen       total 111104K, used 11991K [0x00000006c7200000, 0x00000006cde80000, 0x000000076d100000)
  object space 111104K, 10% used [0x00000006c7200000,0x00000006c7db5de0,0x00000006cde80000)
 Metaspace       used 27717K, capacity 28472K, committed 28800K, reserved 1075200K
  class space    used 3132K, capacity 3371K, committed 3456K, reserved 1048576K
Event: 8,529 GC heap after
Heap after GC invocations=7 (full 1):
 PSYoungGen      total 202240K, used 12054K [0x000000076d100000, 0x000000077e680000, 0x00000007c0000000)
  eden space 189952K, 0% used [0x000000076d100000,0x000000076d100000,0x0000000778a80000)
  from space 12288K, 98% used [0x000000077da80000,0x000000077e645b68,0x000000077e680000)
  to   space 14848K, 0% used [0x000000077c980000,0x000000077c980000,0x000000077d800000)
 ParOldGen       total 111104K, used 11999K [0x00000006c7200000, 0x00000006cde80000, 0x000000076d100000)
  object space 111104K, 10% used [0x00000006c7200000,0x00000006c7db7de0,0x00000006cde80000)
 Metaspace       used 27717K, capacity 28472K, committed 28800K, reserved 1075200K
  class space    used 3132K, capacity 3371K, committed 3456K, reserved 1048576K
}
Event: 10,495 GC heap before
{Heap before GC invocations=8 (full 1):
 PSYoungGen      total 202240K, used 129944K [0x000000076d100000, 0x000000077e680000, 0x00000007c0000000)
  eden space 189952K, 62% used [0x000000076d100000,0x0000000774420778,0x0000000778a80000)
  from space 12288K, 98% used [0x000000077da80000,0x000000077e645b68,0x000000077e680000)
  to   space 14848K, 0% used [0x000000077c980000,0x000000077c980000,0x000000077d800000)
 ParOldGen       total 111104K, used 11999K [0x00000006c7200000, 0x00000006cde80000, 0x000000076d100000)
  object space 111104K, 10% used [0x00000006c7200000,0x00000006c7db7de0,0x00000006cde80000)
 Metaspace       used 34258K, capacity 35284K, committed 35456K, reserved 1081344K
  class space    used 3789K, capacity 4139K, committed 4224K, reserved 1048576K
Event: 10,553 GC heap after
Heap after GC invocations=8 (full 1):
 PSYoungGen      total 269312K, used 14846K [0x000000076d100000, 0x0000000780c00000, 0x00000007c0000000)
  eden space 254464K, 0% used [0x000000076d100000,0x000000076d100000,0x000000077c980000)
  from space 14848K, 99% used [0x000000077c980000,0x000000077d7ffb50,0x000000077d800000)
  to   space 17408K, 0% used [0x000000077fb00000,0x000000077fb00000,0x0000000780c00000)
 ParOldGen       total 111104K, used 12403K [0x00000006c7200000, 0x00000006cde80000, 0x000000076d100000)
  object space 111104K, 11% used [0x00000006c7200000,0x00000006c7e1cf98,0x00000006cde80000)
 Metaspace       used 34258K, capacity 35284K, committed 35456K, reserved 1081344K
  class space    used 3789K, capacity 4139K, committed 4224K, reserved 1048576K
}
Event: 10,553 GC heap before
{Heap before GC invocations=9 (full 2):
 PSYoungGen      total 269312K, used 14846K [0x000000076d100000, 0x0000000780c00000, 0x00000007c0000000)
  eden space 254464K, 0% used [0x000000076d100000,0x000000076d100000,0x000000077c980000)
  from space 14848K, 99% used [0x000000077c980000,0x000000077d7ffb50,0x000000077d800000)
  to   space 17408K, 0% used [0x000000077fb00000,0x000000077fb00000,0x0000000780c00000)
 ParOldGen       total 111104K, used 12403K [0x00000006c7200000, 0x00000006cde80000, 0x000000076d100000)
  object space 111104K, 11% used [0x00000006c7200000,0x00000006c7e1cf98,0x00000006cde80000)
 Metaspace       used 34258K, capacity 35284K, committed 35456K, reserved 1081344K
  class space    used 3789K, capacity 4139K, committed 4224K, reserved 1048576K
Event: 10,728 GC heap after
Heap after GC invocations=9 (full 2):
 PSYoungGen      total 269312K, used 0K [0x000000076d100000, 0x0000000780c00000, 0x00000007c0000000)
  eden space 254464K, 0% used [0x000000076d100000,0x000000076d100000,0x000000077c980000)
  from space 14848K, 0% used [0x000000077c980000,0x000000077c980000,0x000000077d800000)
  to   space 17408K, 0% used [0x000000077fb00000,0x000000077fb00000,0x0000000780c00000)
 ParOldGen       total 180224K, used 23687K [0x00000006c7200000, 0x00000006d2200000, 0x000000076d100000)
  object space 180224K, 13% used [0x00000006c7200000,0x00000006c8921ee8,0x00000006d2200000)
 Metaspace       used 34258K, capacity 35284K, committed 35456K, reserved 1081344K
  class space    used 3789K, capacity 4139K, committed 4224K, reserved 1048576K
}

